Build started 1/10/2017 2:03:30 PM.
     1>Project "C:\Users\CCrowe\documents\visual studio 2013\Projects\Find Bad Newly Created Facility Sheets\Find Bad Newly Created Facility Sheets\Find Bad Newly Created Facility Sheets.vcxproj" on node 2 (Build target(s)).
     1>ClCompile:
         C:\Program Files (x86)\Microsoft Visual Studio 12.0\VC\bin\CL.exe /c /AI"C:\Program Files (x86)\Reference Assemblies\Microsoft\Framework\.NETFramework\v4.5\\" /AI"C:\Program Files (x86)\Windows Kits\8.1\References\CommonConfiguration\Neutral" /AI"C:\Program Files (x86)\Reference Assemblies\Microsoft\Framework\.NETFramework\v4.5\Facades\\" /Zi /clr /nologo /W3 /WX- /O2 /Oy- /D WIN32 /D NDEBUG /D _UNICODE /D UNICODE /EHa /MD /GS /fp:precise /Zc:wchar_t /Zc:forScope /Yu"stdafx.h" /Fp"Release\Find Bad Newly Created Facility Sheets.pch" /Fo"Release\\" /Fd"Release\vc120.pdb" /TP /FU"C:\Program Files (x86)\Reference Assemblies\Microsoft\Framework\.NETFramework\v4.5\mscorlib.dll" /FU"C:\Program Files (x86)\Reference Assemblies\Microsoft\Framework\.NETFramework\v4.5\System.Data.dll" /FU"C:\Program Files (x86)\Reference Assemblies\Microsoft\Framework\.NETFramework\v4.5\System.dll" /FU"C:\Program Files (x86)\Reference Assemblies\Microsoft\Framework\.NETFramework\v4.5\System.Xml.dll" /FUInterop\Interop.Microsoft.Office.Interop.Excel.1.8.dll /analyze- /errorReport:prompt /clr:nostdlib "Find Bad Newly Created Facility Sheets.cpp"
         Find Bad Newly Created Facility Sheets.cpp
     1>Find Bad Newly Created Facility Sheets.cpp(4): warning C4067: unexpected tokens following preprocessor directive - expected a newline
     1>Find Bad Newly Created Facility Sheets.cpp(8): warning C4067: unexpected tokens following preprocessor directive - expected a newline
     1>Find Bad Newly Created Facility Sheets.cpp(9): warning C4067: unexpected tokens following preprocessor directive - expected a newline
     1>Find Bad Newly Created Facility Sheets.cpp(82): warning C4101: 'e' : unreferenced local variable
     1>Find Bad Newly Created Facility Sheets.cpp(96): warning C4101: 'e' : unreferenced local variable
       Link:
         C:\Program Files (x86)\Microsoft Visual Studio 12.0\VC\bin\link.exe /ERRORREPORT:PROMPT /OUT:"C:\Users\CCrowe\documents\visual studio 2013\Projects\Find Bad Newly Created Facility Sheets\Release\Find Bad Newly Created Facility Sheets.exe" /INCREMENTAL:NO /NOLOGO /MANIFEST /MANIFESTUAC:"level='asInvoker' uiAccess='false'" /manifest:embed /DEBUG /PDB:"C:\Users\CCrowe\documents\visual studio 2013\Projects\Find Bad Newly Created Facility Sheets\Release\Find Bad Newly Created Facility Sheets.pdb" /SUBSYSTEM:CONSOLE /TLBID:1 /DYNAMICBASE /FIXED:NO /NXCOMPAT /MACHINE:X86 /SAFESEH Release\app.res
         Release\AssemblyInfo.obj
         "Release\Find Bad Newly Created Facility Sheets.obj"
         Release\stdafx.obj
         "Release\.NETFramework,Version=v4.5.AssemblyAttributes.obj"
         Find Bad Newly Created Facility Sheets.vcxproj -> C:\Users\CCrowe\documents\visual studio 2013\Projects\Find Bad Newly Created Facility Sheets\Release\Find Bad Newly Created Facility Sheets.exe
     1>Done Building Project "C:\Users\CCrowe\documents\visual studio 2013\Projects\Find Bad Newly Created Facility Sheets\Find Bad Newly Created Facility Sheets\Find Bad Newly Created Facility Sheets.vcxproj" (Build target(s)).

Build succeeded.

Time Elapsed 00:00:02.24
