c:\users\ccrowe\documents\visual studio 2013\projects\find bad newly created facility sheets\find bad newly created facility sheets\debug\find bad newly created facility sheets.pch
c:\users\ccrowe\documents\visual studio 2013\projects\find bad newly created facility sheets\find bad newly created facility sheets\debug\vc120.pdb
c:\users\ccrowe\documents\visual studio 2013\projects\find bad newly created facility sheets\find bad newly created facility sheets\debug\stdafx.obj
c:\users\ccrowe\documents\visual studio 2013\projects\find bad newly created facility sheets\find bad newly created facility sheets\debug\find bad newly created facility sheets.obj
c:\users\ccrowe\documents\visual studio 2013\projects\find bad newly created facility sheets\find bad newly created facility sheets\debug\assemblyinfo.obj
c:\users\ccrowe\documents\visual studio 2013\projects\find bad newly created facility sheets\find bad newly created facility sheets\debug\.netframework,version=v4.5.assemblyattributes.obj
c:\users\ccrowe\documents\visual studio 2013\projects\find bad newly created facility sheets\debug\find bad newly created facility sheets.exe
c:\users\ccrowe\documents\visual studio 2013\projects\find bad newly created facility sheets\debug\find bad newly created facility sheets.pdb
c:\users\ccrowe\documents\visual studio 2013\projects\find bad newly created facility sheets\find bad newly created facility sheets\debug\find bad.40b7aab3.tlog\metagen.write.1.tlog
c:\users\ccrowe\documents\visual studio 2013\projects\find bad newly created facility sheets\find bad newly created facility sheets\debug\app.res
c:\users\ccrowe\documents\visual studio 2013\projects\find bad newly created facility sheets\find bad newly created facility sheets\debug\find bad newly created facility sheets.vcxproj.resolvecomreference.cache
c:\users\ccrowe\documents\visual studio 2013\projects\find bad newly created facility sheets\find bad newly created facility sheets\debug\find bad.40b7aab3.tlog\cl.command.1.tlog
c:\users\ccrowe\documents\visual studio 2013\projects\find bad newly created facility sheets\find bad newly created facility sheets\debug\find bad.40b7aab3.tlog\cl.read.1.tlog
c:\users\ccrowe\documents\visual studio 2013\projects\find bad newly created facility sheets\find bad newly created facility sheets\debug\find bad.40b7aab3.tlog\cl.write.1.tlog
c:\users\ccrowe\documents\visual studio 2013\projects\find bad newly created facility sheets\find bad newly created facility sheets\debug\find bad.40b7aab3.tlog\link.command.1.tlog
c:\users\ccrowe\documents\visual studio 2013\projects\find bad newly created facility sheets\find bad newly created facility sheets\debug\find bad.40b7aab3.tlog\link.read.1.tlog
c:\users\ccrowe\documents\visual studio 2013\projects\find bad newly created facility sheets\find bad newly created facility sheets\debug\find bad.40b7aab3.tlog\link.write.1.tlog
c:\users\ccrowe\documents\visual studio 2013\projects\find bad newly created facility sheets\find bad newly created facility sheets\debug\find bad.40b7aab3.tlog\metagen.read.1.tlog
c:\users\ccrowe\documents\visual studio 2013\projects\find bad newly created facility sheets\find bad newly created facility sheets\debug\find bad.40b7aab3.tlog\rc.command.1.tlog
c:\users\ccrowe\documents\visual studio 2013\projects\find bad newly created facility sheets\find bad newly created facility sheets\debug\find bad.40b7aab3.tlog\rc.read.1.tlog
c:\users\ccrowe\documents\visual studio 2013\projects\find bad newly created facility sheets\find bad newly created facility sheets\debug\find bad.40b7aab3.tlog\rc.write.1.tlog
c:\users\ccrowe\documents\visual studio 2013\projects\find bad newly created facility sheets\find bad newly created facility sheets\debug\find bad.40b7aab3.tlog\interop.microsoft.office.interop.excel.1.8.dll.metagen
c:\users\ccrowe\documents\visual studio 2013\projects\find bad newly created facility sheets\find bad newly created facility sheets\debug\find bad.40b7aab3.tlog\tzres.dll.bi
