c:\users\ccrowe\documents\visual studio 2013\projects\minor worksheet fixes\minor worksheet fixes\debug\minor worksheet fixes.pch
c:\users\ccrowe\documents\visual studio 2013\projects\minor worksheet fixes\minor worksheet fixes\debug\vc120.pdb
c:\users\ccrowe\documents\visual studio 2013\projects\minor worksheet fixes\minor worksheet fixes\debug\stdafx.obj
c:\users\ccrowe\documents\visual studio 2013\projects\minor worksheet fixes\minor worksheet fixes\debug\minor worksheet fixes.obj
c:\users\ccrowe\documents\visual studio 2013\projects\minor worksheet fixes\minor worksheet fixes\debug\assemblyinfo.obj
c:\users\ccrowe\documents\visual studio 2013\projects\minor worksheet fixes\minor worksheet fixes\debug\.netframework,version=v4.5.assemblyattributes.obj
c:\users\ccrowe\documents\visual studio 2013\projects\minor worksheet fixes\minor worksheet fixes\debug\native.obj
c:\users\ccrowe\documents\visual studio 2013\projects\minor worksheet fixes\debug\minor worksheet fixes.exe
c:\users\ccrowe\documents\visual studio 2013\projects\minor worksheet fixes\debug\minor worksheet fixes.pdb
c:\users\ccrowe\documents\visual studio 2013\projects\minor worksheet fixes\minor worksheet fixes\debug\minor wo.789a31aa.tlog\metagen.write.1.tlog
c:\users\ccrowe\documents\visual studio 2013\projects\minor worksheet fixes\minor worksheet fixes\debug\app.res
c:\users\ccrowe\documents\visual studio 2013\projects\minor worksheet fixes\minor worksheet fixes\debug\minor worksheet fixes.vcxproj.resolvecomreference.cache
c:\users\ccrowe\documents\visual studio 2013\projects\minor worksheet fixes\minor worksheet fixes\debug\minor wo.789a31aa.tlog\cl.command.1.tlog
c:\users\ccrowe\documents\visual studio 2013\projects\minor worksheet fixes\minor worksheet fixes\debug\minor wo.789a31aa.tlog\cl.read.1.tlog
c:\users\ccrowe\documents\visual studio 2013\projects\minor worksheet fixes\minor worksheet fixes\debug\minor wo.789a31aa.tlog\cl.write.1.tlog
c:\users\ccrowe\documents\visual studio 2013\projects\minor worksheet fixes\minor worksheet fixes\debug\minor wo.789a31aa.tlog\link.command.1.tlog
c:\users\ccrowe\documents\visual studio 2013\projects\minor worksheet fixes\minor worksheet fixes\debug\minor wo.789a31aa.tlog\link.read.1.tlog
c:\users\ccrowe\documents\visual studio 2013\projects\minor worksheet fixes\minor worksheet fixes\debug\minor wo.789a31aa.tlog\link.write.1.tlog
c:\users\ccrowe\documents\visual studio 2013\projects\minor worksheet fixes\minor worksheet fixes\debug\minor wo.789a31aa.tlog\metagen.read.1.tlog
c:\users\ccrowe\documents\visual studio 2013\projects\minor worksheet fixes\minor worksheet fixes\debug\minor wo.789a31aa.tlog\rc.command.1.tlog
c:\users\ccrowe\documents\visual studio 2013\projects\minor worksheet fixes\minor worksheet fixes\debug\minor wo.789a31aa.tlog\rc.read.1.tlog
c:\users\ccrowe\documents\visual studio 2013\projects\minor worksheet fixes\minor worksheet fixes\debug\minor wo.789a31aa.tlog\rc.write.1.tlog
c:\users\ccrowe\documents\visual studio 2013\projects\minor worksheet fixes\minor worksheet fixes\debug\minor wo.789a31aa.tlog\interop.microsoft.office.interop.excel.1.8.dll.metagen
c:\users\ccrowe\documents\visual studio 2013\projects\minor worksheet fixes\minor worksheet fixes\debug\minor wo.789a31aa.tlog\tzres.dll.bi
